<?xml version="1.0" encoding="UTF-8"?>
<!-- Generated by org.testng.reporters.JUnitReportReporter -->
<testsuite hostname="DESKTOP-U0B8FSO" failures="0" tests="2" name="TestNGDemo.Snippet" time="0.017" errors="0" timestamp="14 Jun 2024 16:23:17 GMT">
  <testcase classname="TestNGDemo.Snippet" name="m3" time="0.014"/>
  <testcase classname="TestNGDemo.Snippet" name="m4" time="0.003"/>
</testsuite> <!-- TestNGDemo.Snippet -->
