<?xml version="1.0" encoding="UTF-8"?>
<!-- Generated by org.testng.reporters.JUnitReportReporter -->
<testsuite hostname="DESKTOP-U0B8FSO" failures="0" tests="5" name="PriorityTest" time="0.021" errors="0" timestamp="14 Jun 2024 16:19:31 GMT">
  <testcase classname="PriorityTest" name="m2" time="0.002"/>
  <testcase classname="PriorityTest" name="m1" time="0.013"/>
  <testcase classname="PriorityTest" name="m7" time="0.002"/>
  <testcase classname="PriorityTest" name="m4" time="0.001"/>
  <testcase classname="PriorityTest" name="m5" time="0.003"/>
</testsuite> <!-- PriorityTest -->
