<?xml version="1.0" encoding="UTF-8"?>
<!-- Generated by org.testng.reporters.JUnitReportReporter -->
<testsuite hostname="DESKTOP-U0B8FSO" failures="0" tests="1" name="collection.IterateHashMap" time="0.008" errors="0" timestamp="30 May 2024 09:07:12 GMT">
  <testcase classname="collection.IterateHashMap" name="getValue" time="0.008"/>
</testsuite> <!-- collection.IterateHashMap -->
