<?xml version="1.0" encoding="UTF-8"?>
<!-- Generated by org.testng.reporters.JUnitReportReporter -->
<testsuite hostname="DESKTOP-U0B8FSO" failures="0" tests="4" name="TestNGDemo.PriorityDemo" time="0.034" errors="0" timestamp="23 May 2024 06:55:59 GMT">
  <testcase classname="TestNGDemo.PriorityDemo" name="test1" time="0.003"/>
  <testcase classname="TestNGDemo.PriorityDemo" name="test2" time="0.025"/>
  <testcase classname="TestNGDemo.PriorityDemo" name="test3" time="0.003"/>
  <testcase classname="TestNGDemo.PriorityDemo" name="test4" time="0.003"/>
</testsuite> <!-- TestNGDemo.PriorityDemo -->
