<?xml version="1.0" encoding="UTF-8"?>
<!-- Generated by org.testng.reporters.JUnitReportReporter -->
<testsuite hostname="DESKTOP-U0B8FSO" failures="0" tests="2" name="TestNGDemo.DependsOnMethods" time="0.008" errors="0" timestamp="9 Jun 2024 08:28:38 GMT">
  <testcase classname="TestNGDemo.DependsOnMethods" name="loginTest" time="0.007"/>
  <testcase classname="TestNGDemo.DependsOnMethods" name="doValidation" time="0.001"/>
</testsuite> <!-- TestNGDemo.DependsOnMethods -->
