<?xml version="1.0" encoding="UTF-8"?>
<!-- Generated by org.testng.reporters.JUnitReportReporter -->
<testsuite hostname="DESKTOP-U0B8FSO" failures="0" tests="1" name="ArrayListDemo.NoOfList" time="0.019" errors="0" timestamp="2024-06-22T21:47:55 IST" skipped="0">
  <testcase classname="ArrayListDemo.NoOfList" name="testArrayList" time="0.019"/>
</testsuite> <!-- ArrayListDemo.NoOfList -->
