<?xml version="1.0" encoding="UTF-8"?>
<!-- Generated by org.testng.reporters.JUnitReportReporter -->
<testsuite hostname="DESKTOP-U0B8FSO" failures="0" tests="19" name="TestNGDemo.TestInvocationCount" time="0.057" errors="0" timestamp="23 May 2024 08:45:19 GMT">
  <testcase classname="TestNGDemo.TestInvocationCount" name="testInvoucationCount" time="0.018"/>
  <testcase classname="TestNGDemo.TestInvocationCount" name="testInvoucationCount" time="0.003"/>
  <testcase classname="TestNGDemo.TestInvocationCount" name="testInvoucationCount" time="0.005"/>
  <testcase classname="TestNGDemo.TestInvocationCount" name="testInvoucationCount" time="0.004"/>
  <testcase classname="TestNGDemo.TestInvocationCount" name="testInvoucationCount" time="0.001"/>
  <testcase classname="TestNGDemo.TestInvocationCount" name="testInvoucationCount" time="0.002"/>
  <testcase classname="TestNGDemo.TestInvocationCount" name="testInvoucationCount" time="0.002"/>
  <testcase classname="TestNGDemo.TestInvocationCount" name="testInvoucationCount" time="0.002"/>
  <testcase classname="TestNGDemo.TestInvocationCount" name="testInvoucationCount" time="0.002"/>
  <testcase classname="TestNGDemo.TestInvocationCount" name="testInvoucationCount" time="0.002"/>
  <testcase classname="TestNGDemo.TestInvocationCount" name="testInvoucationCount" time="0.002"/>
  <testcase classname="TestNGDemo.TestInvocationCount" name="testInvoucationCount" time="0.002"/>
  <testcase classname="TestNGDemo.TestInvocationCount" name="testInvoucationCount" time="0.003"/>
  <testcase classname="TestNGDemo.TestInvocationCount" name="testInvoucationCount" time="0.001"/>
  <testcase classname="TestNGDemo.TestInvocationCount" name="testInvoucationCount" time="0.001"/>
  <testcase classname="TestNGDemo.TestInvocationCount" name="testInvoucationCount" time="0.001"/>
  <testcase classname="TestNGDemo.TestInvocationCount" name="testInvoucationCount" time="0.001"/>
  <testcase classname="TestNGDemo.TestInvocationCount" name="testInvoucationCount" time="0.003"/>
  <testcase classname="TestNGDemo.TestInvocationCount" name="testInvoucationCount" time="0.002"/>
</testsuite> <!-- TestNGDemo.TestInvocationCount -->
