<?xml version="1.0" encoding="UTF-8"?>
<!-- Generated by org.testng.reporters.JUnitReportReporter -->
<testsuite hostname="DESKTOP-U0B8FSO" failures="0" tests="1" name="Selenium4Features.LocatorsDemo" time="2.555" errors="0" timestamp="2024-07-03T15:33:00 IST" skipped="0">
  <testcase classname="Selenium4Features.LocatorsDemo" name="testLocators" time="2.555"/>
</testsuite> <!-- Selenium4Features.LocatorsDemo -->
