<?xml version="1.0" encoding="UTF-8"?>
<!-- Generated by org.testng.reporters.JUnitReportReporter -->
<testsuite hostname="DESKTOP-U0B8FSO" failures="0" tests="16" name="TestNGDemo.TestNGGroupTest" time="0.029" errors="0" timestamp="9 Jun 2024 08:32:48 GMT">
  <testcase classname="TestNGDemo.TestNGGroupTest" name="testMethod11" time="0.001"/>
  <testcase classname="TestNGDemo.TestNGGroupTest" name="testMethod8" time="0.002"/>
  <testcase classname="TestNGDemo.TestNGGroupTest" name="testMethod15" time="0.003"/>
  <testcase classname="TestNGDemo.TestNGGroupTest" name="testMethod14" time="0.001"/>
  <testcase classname="TestNGDemo.TestNGGroupTest" name="testMethod13" time="0.001"/>
  <testcase classname="TestNGDemo.TestNGGroupTest" name="testMethod3" time="0.001"/>
  <testcase classname="TestNGDemo.TestNGGroupTest" name="testMethod9" time="0.001"/>
  <testcase classname="TestNGDemo.TestNGGroupTest" name="testMethod10" time="0.002"/>
  <testcase classname="TestNGDemo.TestNGGroupTest" name="testMethod4" time="0.001"/>
  <testcase classname="TestNGDemo.TestNGGroupTest" name="testMethod1" time="0.007"/>
  <testcase classname="TestNGDemo.TestNGGroupTest" name="testMethod12" time="0.001"/>
  <testcase classname="TestNGDemo.TestNGGroupTest" name="testMethod6" time="0.002"/>
  <testcase classname="TestNGDemo.TestNGGroupTest" name="dependsOnGroup" time="0.002"/>
  <testcase classname="TestNGDemo.TestNGGroupTest" name="testMethod5" time="0.002"/>
  <testcase classname="TestNGDemo.TestNGGroupTest" name="testMethod7" time="0.001"/>
  <testcase classname="TestNGDemo.TestNGGroupTest" name="testMethod2" time="0.001"/>
</testsuite> <!-- TestNGDemo.TestNGGroupTest -->
