<?xml version="1.0" encoding="UTF-8"?>
<!-- Generated by org.testng.reporters.JUnitReportReporter -->
<testsuite hostname="DESKTOP-U0B8FSO" failures="0" tests="3" name="TestNGDemo.PriorityDemoTestInterview" time="0.016" errors="0" timestamp="2024-06-24T14:59:34 IST" skipped="0">
  <testcase classname="TestNGDemo.PriorityDemoTestInterview" name="a" time="0.011"/>
  <testcase classname="TestNGDemo.PriorityDemoTestInterview" name="c" time="0.003"/>
  <testcase classname="TestNGDemo.PriorityDemoTestInterview" name="b" time="0.002"/>
</testsuite> <!-- TestNGDemo.PriorityDemoTestInterview -->
