<?xml version="1.0" encoding="UTF-8"?>
<!-- Generated by org.testng.reporters.JUnitReportReporter -->
<testsuite hostname="DESKTOP-U0B8FSO" failures="0" tests="1" name="Selenium4Features.HandlingWindows" time="4.884" errors="0" timestamp="2024-07-03T23:33:28 IST" skipped="0">
  <testcase classname="Selenium4Features.HandlingWindows" name="testLocators" time="4.884"/>
</testsuite> <!-- Selenium4Features.HandlingWindows -->
